2025-03-19 23:18:50,346 - ERROR - No answer for AAAA record for egov.sy
2025-03-19 23:18:51,161 - ERROR - No answer for CNAME record for egov.sy
2025-03-19 23:18:51,776 - ERROR - No answer for MX record for egov.sy
2025-03-19 23:19:49,759 - ERROR - No answer for A record for gov.cn
2025-03-19 23:19:49,840 - ERROR - No answer for AAAA record for gov.cn
2025-03-19 23:19:50,147 - ERROR - No answer for CNAME record for gov.cn
2025-03-19 23:19:50,453 - ERROR - No answer for MX record for gov.cn
2025-03-19 23:19:50,626 - ERROR - No answer for TXT record for gov.cn
2025-03-19 23:20:24,335 - ERROR - No answer for AAAA record for shabait.com
2025-03-19 23:20:24,552 - ERROR - No answer for CNAME record for shabait.com
2025-03-19 23:23:04,399 - ERROR - No answer for AAAA record for sis.gov.eg
2025-03-19 23:23:04,606 - ERROR - No answer for CNAME record for sis.gov.eg
2025-03-19 23:24:00,574 - ERROR - No answer for CNAME record for doge.gov
2025-03-19 23:24:24,673 - ERROR - Domain trash.gov does not exist
2025-03-19 23:24:24,686 - ERROR - Domain trash.gov does not exist
2025-03-19 23:24:24,700 - ERROR - Domain trash.gov does not exist
2025-03-19 23:24:24,725 - ERROR - Domain trash.gov does not exist
2025-03-19 23:24:24,745 - ERROR - Domain trash.gov does not exist
2025-03-19 23:24:24,765 - ERROR - Domain trash.gov does not exist
2025-03-19 23:24:24,786 - ERROR - Domain trash.gov does not exist
2025-03-19 23:24:31,536 - ERROR - No answer for CNAME record for waste.gov
2025-03-19 23:24:31,569 - ERROR - No answer for MX record for waste.gov
